# JRE version: OpenJDK Runtime Environment (8.0_242-b01) (build 1.8.0_242-release-1644-b01)
# Java VM: OpenJDK 64-Bit Server VM (25.242-b01 mixed mode windows-amd64 compressed oops)
Heap:
 PSYoungGen      total 501760K, used 442729K [0x00000000d5580000, 0x00000000fa280000, 0x0000000100000000)
  eden space 422912K, 94% used [0x00000000d5580000,0x00000000edce0060,0x00000000ef280000)
  from space 78848K, 53% used [0x00000000f5580000,0x00000000f7e7a6e0,0x00000000fa280000)
  to   space 90112K, 0% used [0x00000000ef280000,0x00000000ef280000,0x00000000f4a80000)
 ParOldGen       total 285184K, used 73664K [0x0000000080000000, 0x0000000091680000, 0x00000000d5580000)
  object space 285184K, 25% used [0x0000000080000000,0x00000000847f00c8,0x0000000091680000)
 Metaspace       used 115525K, capacity 122182K, committed 122584K, reserved 1155072K
  class space    used 14807K, capacity 15969K, committed 16128K, reserved 1048576K
GC Heap History (10 events):
Event: 3736.636 GC heap before
{Heap before GC invocations=31 (full 5):
 PSYoungGen      total 419328K, used 313344K [0x00000000d5580000, 0x00000000f7700000, 0x0000000100000000)
  eden space 313344K, 100% used [0x00000000d5580000,0x00000000e8780000,0x00000000e8780000)
  from space 105984K, 0% used [0x00000000e8780000,0x00000000e8780000,0x00000000eef00000)
  to   space 102400K, 0% used [0x00000000f1300000,0x00000000f1300000,0x00000000f7700000)
 ParOldGen       total 285184K, used 73640K [0x0000000080000000, 0x0000000091680000, 0x00000000d5580000)
  object space 285184K, 25% used [0x0000000080000000,0x00000000847ea0c8,0x0000000091680000)
 Metaspace       used 113468K, capacity 118910K, committed 121048K, reserved 1155072K
  class space    used 14601K, capacity 15597K, committed 16128K, reserved 1048576K
Event: 3736.727 GC heap after
Heap after GC invocations=31 (full 5):
 PSYoungGen      total 455168K, used 35443K [0x00000000d5580000, 0x00000000f7180000, 0x0000000100000000)
  eden space 358400K, 0% used [0x00000000d5580000,0x00000000d5580000,0x00000000eb380000)
  from space 96768K, 36% used [0x00000000f1300000,0x00000000f359cc28,0x00000000f7180000)
  to   space 97280K, 0% used [0x00000000eb380000,0x00000000eb380000,0x00000000f1280000)
 ParOldGen       total 285184K, used 73648K [0x0000000080000000, 0x0000000091680000, 0x00000000d5580000)
  object space 285184K, 25% used [0x0000000080000000,0x00000000847ec0c8,0x0000000091680000)
 Metaspace       used 113468K, capacity 118910K, committed 121048K, reserved 1155072K
  class space    used 14601K, capacity 15597K, committed 16128K, reserved 1048576K
}
Event: 3929.726 GC heap before
{Heap before GC invocations=32 (full 5):
 PSYoungGen      total 455168K, used 393843K [0x00000000d5580000, 0x00000000f7180000, 0x0000000100000000)
  eden space 358400K, 100% used [0x00000000d5580000,0x00000000eb380000,0x00000000eb380000)
  from space 96768K, 36% used [0x00000000f1300000,0x00000000f359cc28,0x00000000f7180000)
  to   space 97280K, 0% used [0x00000000eb380000,0x00000000eb380000,0x00000000f1280000)
 ParOldGen       total 285184K, used 73648K [0x0000000080000000, 0x0000000091680000, 0x00000000d5580000)
  object space 285184K, 25% used [0x0000000080000000,0x00000000847ec0c8,0x0000000091680000)
 Metaspace       used 114145K, capacity 119982K, committed 121304K, reserved 1155072K
  class space    used 14686K, capacity 15755K, committed 16128K, reserved 1048576K
Event: 3929.790 GC heap after
Heap after GC invocations=32 (full 5):
 PSYoungGen      total 455680K, used 20886K [0x00000000d5580000, 0x00000000f9700000, 0x0000000100000000)
  eden space 358400K, 0% used [0x00000000d5580000,0x00000000d5580000,0x00000000eb380000)
  from space 97280K, 21% used [0x00000000eb380000,0x00000000ec7e5a20,0x00000000f1280000)
  to   space 94720K, 0% used [0x00000000f3a80000,0x00000000f3a80000,0x00000000f9700000)
 ParOldGen       total 285184K, used 73656K [0x0000000080000000, 0x0000000091680000, 0x00000000d5580000)
  object space 285184K, 25% used [0x0000000080000000,0x00000000847ee0c8,0x0000000091680000)
 Metaspace       used 114145K, capacity 119982K, committed 121304K, reserved 1155072K
  class space    used 14686K, capacity 15755K, committed 16128K, reserved 1048576K
}
Event: 4152.107 GC heap before
{Heap before GC invocations=33 (full 5):
 PSYoungGen      total 455680K, used 379286K [0x00000000d5580000, 0x00000000f9700000, 0x0000000100000000)
  eden space 358400K, 100% used [0x00000000d5580000,0x00000000eb380000,0x00000000eb380000)
  from space 97280K, 21% used [0x00000000eb380000,0x00000000ec7e5a20,0x00000000f1280000)
  to   space 94720K, 0% used [0x00000000f3a80000,0x00000000f3a80000,0x00000000f9700000)
 ParOldGen       total 285184K, used 73656K [0x0000000080000000, 0x0000000091680000, 0x00000000d5580000)
  object space 285184K, 25% used [0x0000000080000000,0x00000000847ee0c8,0x0000000091680000)
 Metaspace       used 114695K, capacity 121278K, committed 121560K, reserved 1155072K
  class space    used 14774K, capacity 15915K, committed 16128K, reserved 1048576K
Event: 4152.193 GC heap after
Heap after GC invocations=33 (full 5):
 PSYoungGen      total 476160K, used 43946K [0x00000000d5580000, 0x00000000f8980000, 0x0000000100000000)
  eden space 395264K, 0% used [0x00000000d5580000,0x00000000d5580000,0x00000000ed780000)
  from space 80896K, 54% used [0x00000000f3a80000,0x00000000f656a970,0x00000000f8980000)
  to   space 91136K, 0% used [0x00000000ed780000,0x00000000ed780000,0x00000000f3080000)
 ParOldGen       total 285184K, used 73664K [0x0000000080000000, 0x0000000091680000, 0x00000000d5580000)
  object space 285184K, 25% used [0x0000000080000000,0x00000000847f00c8,0x0000000091680000)
 Metaspace       used 114695K, capacity 121278K, committed 121560K, reserved 1155072K
  class space    used 14774K, capacity 15915K, committed 16128K, reserved 1048576K
}
Event: 4287.019 GC heap before
{Heap before GC invocations=34 (full 5):
 PSYoungGen      total 476160K, used 439210K [0x00000000d5580000, 0x00000000f8980000, 0x0000000100000000)
  eden space 395264K, 100% used [0x00000000d5580000,0x00000000ed780000,0x00000000ed780000)
  from space 80896K, 54% used [0x00000000f3a80000,0x00000000f656a970,0x00000000f8980000)
  to   space 91136K, 0% used [0x00000000ed780000,0x00000000ed780000,0x00000000f3080000)
 ParOldGen       total 285184K, used 73664K [0x0000000080000000, 0x0000000091680000, 0x00000000d5580000)
  object space 285184K, 25% used [0x0000000080000000,0x00000000847f00c8,0x0000000091680000)
 Metaspace       used 114870K, capacity 121366K, committed 121816K, reserved 1155072K
  class space    used 14778K, capacity 15919K, committed 16128K, reserved 1048576K
Event: 4287.136 GC heap after
Heap after GC invocations=34 (full 5):
 PSYoungGen      total 486400K, used 63442K [0x00000000d5580000, 0x00000000fb280000, 0x0000000100000000)
  eden space 395264K, 0% used [0x00000000d5580000,0x00000000d5580000,0x00000000ed780000)
  from space 91136K, 69% used [0x00000000ed780000,0x00000000f15748c0,0x00000000f3080000)
  to   space 95232K, 0% used [0x00000000f5580000,0x00000000f5580000,0x00000000fb280000)
 ParOldGen       total 285184K, used 73664K [0x0000000080000000, 0x0000000091680000, 0x00000000d5580000)
  object space 285184K, 25% used [0x0000000080000000,0x00000000847f00c8,0x0000000091680000)
 Metaspace       used 114870K, capacity 121366K, committed 121816K, reserved 1155072K
  class space    used 14778K, capacity 15919K, committed 16128K, reserved 1048576K
}
Event: 4609.156 GC heap before
{Heap before GC invocations=35 (full 5):
 PSYoungGen      total 486400K, used 458550K [0x00000000d5580000, 0x00000000fb280000, 0x0000000100000000)
  eden space 395264K, 99% used [0x00000000d5580000,0x00000000ed759228,0x00000000ed780000)
  from space 91136K, 69% used [0x00000000ed780000,0x00000000f15748c0,0x00000000f3080000)
  to   space 95232K, 0% used [0x00000000f5580000,0x00000000f5580000,0x00000000fb280000)
 ParOldGen       total 285184K, used 73664K [0x0000000080000000, 0x0000000091680000, 0x00000000d5580000)
  object space 285184K, 25% used [0x0000000080000000,0x00000000847f00c8,0x0000000091680000)
 Metaspace       used 115193K, capacity 121664K, committed 122072K, reserved 1155072K
  class space    used 14782K, capacity 15926K, committed 16128K, reserved 1048576K
Event: 4609.261 GC heap after
Heap after GC invocations=35 (full 5):
 PSYoungGen      total 501760K, used 41961K [0x00000000d5580000, 0x00000000fa280000, 0x0000000100000000)
  eden space 422912K, 0% used [0x00000000d5580000,0x00000000d5580000,0x00000000ef280000)
  from space 78848K, 53% used [0x00000000f5580000,0x00000000f7e7a6e0,0x00000000fa280000)
  to   space 90112K, 0% used [0x00000000ef280000,0x00000000ef280000,0x00000000f4a80000)
 ParOldGen       total 285184K, used 73664K [0x0000000080000000, 0x0000000091680000, 0x00000000d5580000)
  object space 285184K, 25% used [0x0000000080000000,0x00000000847f00c8,0x0000000091680000)
 Metaspace       used 115193K, capacity 121664K, committed 122072K, reserved 1155072K
  class space    used 14782K, capacity 15926K, committed 16128K, reserved 1048576K
}

